E:\Eletro\P-CAD_PCI\SD-Mapper\Gerber\SD-MAPPER-FINAL_VERSION.GTL:
File Finished:
Errors: 0
Warnings: 0

E:\Eletro\P-CAD_PCI\SD-Mapper\Gerber\SD-MAPPER-FINAL_VERSION.GTS:
File Finished:
Errors: 0
Warnings: 0

E:\Eletro\P-CAD_PCI\SD-Mapper\Gerber\SD-MAPPER-FINAL_VERSION.GTO:
File Finished:
Errors: 0
Warnings: 0

E:\Eletro\P-CAD_PCI\SD-Mapper\Gerber\SD-MAPPER-FINAL_VERSION.GBL:
File Finished:
Errors: 0
Warnings: 0

E:\Eletro\P-CAD_PCI\SD-Mapper\Gerber\SD-MAPPER-FINAL_VERSION.GBS:
File Finished:
Errors: 0
Warnings: 0

E:\Eletro\P-CAD_PCI\SD-Mapper\Gerber\SD-MAPPER-FINAL_VERSION.GBO:
File Finished:
Errors: 0
Warnings: 0

E:\Eletro\P-CAD_PCI\SD-Mapper\Gerber\SD-MAPPER-FINAL_VERSION.GML:
File Finished:
Errors: 0
Warnings: 0

E:\Eletro\P-CAD_PCI\SD-Mapper\Gerber\SD-MAPPER-FINAL_VERSION.TXT:
File Finished:
Errors: 0
Warnings: 0

Output Finished:
Errors: 0
Warnings: 0
Files: 8
